============================================================
  Generated by:           Genus(TM) Synthesis Solution 20.11-s111_1
  Generated on:           Jun 12 2024  01:56:50 pm
  Module:                 vedic4bit
  Operating conditions:   fast (balanced_tree)
  Wireload mode:          enclosed
  Area mode:              timing library
============================================================

 Instance  Module  Cell Count  Cell Area  Net Area   Total Area   Wireload  
----------------------------------------------------------------------------
vedic4bit                  30    918.086     0.000      918.086 <none> (D)  
  z1      andg              1     13.306     0.000       13.306 <none> (D)  
  z2      andg_30           1     13.306     0.000       13.306 <none> (D)  
  z3      andg_29           1     13.306     0.000       13.306 <none> (D)  
  z4      hag               2     36.590     0.000       36.590 <none> (D)  
  z5      andg_28           1     13.306     0.000       13.306 <none> (D)  
  z6      andg_27           1     13.306     0.000       13.306 <none> (D)  
  z7      andg_26           1     13.306     0.000       13.306 <none> (D)  
  z8      fag               1     69.854     0.000       69.854 <none> (D)  
  z9      hag_40            2     36.590     0.000       36.590 <none> (D)  
  z10     andg_25           1     13.306     0.000       13.306 <none> (D)  
  z11     andg_24           1     13.306     0.000       13.306 <none> (D)  
  z12     andg_23           1     13.306     0.000       13.306 <none> (D)  
  z13     fag_37            1     69.854     0.000       69.854 <none> (D)  
  z14     andg_22           1     13.306     0.000       13.306 <none> (D)  
  z15     hag_39            1     36.590     0.000       36.590 <none> (D)  
  z16     fag_36            1     69.854     0.000       69.854 <none> (D)  
  z17     andg_21           1     13.306     0.000       13.306 <none> (D)  
  z19     andg_20           1     13.306     0.000       13.306 <none> (D)  
  z20     andg_19           1     13.306     0.000       13.306 <none> (D)  
  z21     fag_35            1     69.854     0.000       69.854 <none> (D)  
  z22     hag_38            1     36.590     0.000       36.590 <none> (D)  
  z23     fag_34            1     69.854     0.000       69.854 <none> (D)  
  z24     andg_18           1     13.306     0.000       13.306 <none> (D)  
  z25     andg_17           1     13.306     0.000       13.306 <none> (D)  
  z26     fag_33            1     69.854     0.000       69.854 <none> (D)  
  z27     fag_32            1     69.854     0.000       69.854 <none> (D)  
  z28     andg_16           1     13.306     0.000       13.306 <none> (D)  
  z29     fag_31            1     69.854     0.000       69.854 <none> (D)  
  (D) = wireload is default in technology library
